<?xml version="1.0" encoding="UTF-8"?>
<!-- Generated by org.testng.reporters.JUnitReportReporter -->
<testsuite skipped="0" hostname="Praveen_246" name="july10.OrangeHRM" tests="1" failures="0" timestamp="10 Jul 2021 13:52:06 GMT" time="11.181" errors="0">
  <testcase name="verifyLogin" time="11.181" classname="july10.OrangeHRM"/>
</testsuite> <!-- july10.OrangeHRM -->
