<?xml version="1.0" encoding="UTF-8"?>
<!-- Generated by org.testng.reporters.JUnitReportReporter -->
<testsuite skipped="0" hostname="Praveen_246" name="jul6.Demo" tests="3" failures="0" timestamp="06 Jul 2021 14:03:58 GMT" time="0.054" errors="0">
  <testcase name="login" time="0.005" classname="jul6.Demo"/>
  <testcase name="compose" time="0.037" classname="jul6.Demo"/>
  <testcase name="reply" time="0.012" classname="jul6.Demo"/>
</testsuite> <!-- jul6.Demo -->
