<?xml version="1.0" encoding="UTF-8"?>
<!-- Generated by org.testng.reporters.JUnitReportReporter -->
<testsuite skipped="0" hostname="Praveen_246" name="aug7.OrangeHRM" tests="4" failures="0" timestamp="07 Aug 2021 04:27:34 GMT" time="33.698" errors="0">
  <testcase name="VerifyLogin" time="6.357" classname="aug7.OrangeHRM"/>
  <testcase name="VerifyLogin" time="6.468" classname="aug7.OrangeHRM"/>
  <testcase name="VerifyLogin" time="6.426" classname="aug7.OrangeHRM"/>
  <testcase name="VerifyLogin" time="14.447" classname="aug7.OrangeHRM"/>
</testsuite> <!-- aug7.OrangeHRM -->
