<?xml version="1.0" encoding="UTF-8"?>
<!-- Generated by org.testng.reporters.JUnitReportReporter -->
<testsuite skipped="0" hostname="Praveen_246" name="july19.Demo2" tests="1" failures="0" timestamp="19 Jul 2021 14:07:18 GMT" time="16.720" errors="0">
  <testcase name="verifyTitle" time="16.720" classname="july19.Demo2"/>
</testsuite> <!-- july19.Demo2 -->
