<?xml version="1.0" encoding="UTF-8"?>
<!-- Generated by org.testng.reporters.JUnitReportReporter -->
<testsuite skipped="0" hostname="Praveen_246" name="july10.CrossBrowserTesting" tests="2" failures="0" timestamp="10 Jul 2021 14:17:41 GMT" time="34.985" errors="0">
  <testcase name="verifycalculation" time="18.061" classname="july10.CrossBrowserTesting"/>
  <testcase name="verifycalculation" time="16.924" classname="july10.CrossBrowserTesting"/>
</testsuite> <!-- july10.CrossBrowserTesting -->
