<?xml version="1.0" encoding="UTF-8"?>
<!-- Generated by org.testng.reporters.JUnitReportReporter -->
<testsuite skipped="0" hostname="Praveen_246" name="aug7.Grid" tests="8" failures="0" timestamp="07 Aug 2021 05:02:44 GMT" time="65.620" errors="0">
  <testcase name="VerifyLogin" time="17.093" classname="aug7.Grid"/>
  <testcase name="VerifyLogin" time="6.276" classname="aug7.Grid"/>
  <testcase name="VerifyLogin" time="5.140" classname="aug7.Grid"/>
  <testcase name="VerifyLogin" time="11.083" classname="aug7.Grid"/>
  <testcase name="VerifyLogin" time="6.574" classname="aug7.Grid"/>
  <testcase name="VerifyLogin" time="6.616" classname="aug7.Grid"/>
  <testcase name="VerifyLogin" time="6.938" classname="aug7.Grid"/>
  <testcase name="VerifyLogin" time="5.900" classname="aug7.Grid"/>
</testsuite> <!-- aug7.Grid -->
