<?xml version="1.0" encoding="UTF-8"?>
<!-- Generated by org.testng.reporters.JUnitReportReporter -->
<testsuite skipped="0" hostname="Praveen_246" name="july19.Demo3" tests="1" failures="0" timestamp="19 Jul 2021 14:08:51 GMT" time="14.430" errors="0">
  <testcase name="verifyTitle" time="14.430" classname="july19.Demo3"/>
</testsuite> <!-- july19.Demo3 -->
