<?xml version="1.0" encoding="UTF-8"?>
<!-- Generated by org.testng.reporters.JUnitReportReporter -->
<testsuite skipped="0" hostname="Praveen_246" name="july23.Calculation" tests="1" failures="0" timestamp="23 Jul 2021 13:51:39 GMT" time="124.734" errors="0">
  <testcase name="verifypercetage" time="124.734" classname="july23.Calculation"/>
</testsuite> <!-- july23.Calculation -->
