<?xml version="1.0" encoding="UTF-8"?>
<!-- Generated by org.testng.reporters.JUnitReportReporter -->
<testsuite skipped="0" hostname="Praveen_246" name="july19.Demo1" tests="1" failures="0" timestamp="19 Jul 2021 14:03:50 GMT" time="20.367" errors="0">
  <testcase name="verifyTitle" time="20.367" classname="july19.Demo1"/>
</testsuite> <!-- july19.Demo1 -->
