<?xml version="1.0" encoding="UTF-8"?>
<!-- Generated by org.testng.reporters.JUnitReportReporter -->
<testsuite skipped="0" hostname="Praveen_246" name="july7.Demo2" tests="3" failures="0" timestamp="09 Jul 2021 14:20:39 GMT" time="31.484" errors="0">
  <testcase name="addition" time="10.660" classname="july7.Demo2"/>
  <testcase name="division" time="10.438" classname="july7.Demo2"/>
  <testcase name="multiplication" time="10.386" classname="july7.Demo2"/>
</testsuite> <!-- july7.Demo2 -->
