<?xml version="1.0" encoding="UTF-8"?>
<!-- Generated by org.testng.reporters.JUnitReportReporter -->
<testsuite skipped="0" hostname="Praveen_246" name="july9.MultipleTimes" tests="5" failures="0" timestamp="10 Jul 2021 13:22:00 GMT" time="68.090" errors="0">
  <testcase name="verifyLogin" time="14.783" classname="july9.MultipleTimes"/>
  <testcase name="verifyLogin" time="10.935" classname="july9.MultipleTimes"/>
  <testcase name="verifyLogin" time="11.383" classname="july9.MultipleTimes"/>
  <testcase name="verifyLogin" time="13.160" classname="july9.MultipleTimes"/>
  <testcase name="verifyLogin" time="17.829" classname="july9.MultipleTimes"/>
</testsuite> <!-- july9.MultipleTimes -->
