<?xml version="1.0" encoding="UTF-8"?>
<!-- Generated by org.testng.reporters.JUnitReportReporter -->
<testsuite skipped="0" hostname="Praveen_246" name="july20.Reporting" tests="3" failures="0" timestamp="20 Jul 2021 13:29:32 GMT" time="0.683" errors="0">
  <testcase name="skipTest" time="0.468" classname="july20.Reporting"/>
  <testcase name="failTest" time="0.095" classname="july20.Reporting"/>
  <testcase name="passTest" time="0.120" classname="july20.Reporting"/>
</testsuite> <!-- july20.Reporting -->
