<?xml version="1.0" encoding="UTF-8"?>
<!-- Generated by org.testng.reporters.JUnitReportReporter -->
<testsuite skipped="1" hostname="Praveen_246" name="july7.Demo1" tests="3" failures="0" timestamp="09 Jul 2021 14:20:39 GMT" time="38.410" errors="0">
  <testcase name="cbanking" time="19.442" classname="july7.Demo1"/>
  <testcase name="pbanking" time="18.968" classname="july7.Demo1"/>
  <testcase name="ibanking" classname="july7.Demo1">
    <skipped/>
  </testcase> <!-- ibanking -->
</testsuite> <!-- july7.Demo1 -->
