<?xml version="1.0" encoding="UTF-8"?>
<!-- Generated by org.testng.reporters.JUnitReportReporter -->
<testsuite skipped="0" hostname="Praveen_246" name="july19.PropertyFile" tests="1" failures="0" timestamp="19 Jul 2021 13:40:25 GMT" time="7.255" errors="0">
  <testcase name="verifyLogin" time="7.255" classname="july19.PropertyFile"/>
</testsuite> <!-- july19.PropertyFile -->
